  CCollider.cpp
  CCollisionMgr.cpp
  CCore.cpp
  CEventMgr.cpp
  CKeyMgr.cpp
  CMissile.cpp
D:\programming_winAPI\WinApiLecture\Client\CMissile.cpp(10,1): warning C4305: '초기화 중': 'double'에서 'float'(으)로 잘립니다.
  CMonster.cpp
  CObject.cpp
  CPathMgr.cpp
D:\programming_winAPI\WinApiLecture\Client\CPathMgr.cpp(18,36): warning C4267: '초기화 중': 'size_t'에서 'int'(으)로 변환하면서 데이터가 손실될 수 있습니다.
  CPlayer.cpp
  CRes.cpp
  CResMgr.cpp
  CScene.cpp
  CSceneMgr.cpp
  CScene_Start.cpp
  CScene_Tool.cpp
  CSound.cpp
  CTexture.cpp
  CTimeMgr.cpp
  func.cpp
  main.cpp
  SelectGDI.cpp
  Client.vcxproj -> D:\programming_winAPI\WinApiLecture\Output\bin_debug\Client.exe
